<?xml version="1.0" encoding="UTF-8"?>
<!-- Generated by org.testng.reporters.JUnitReportReporter -->
<testsuite hostname="DESKTOP-PATVT6B" failures="0" tests="2" name="Shariq_Que3.CrossBrowserTest" time="17.761" errors="0" timestamp="2025-10-08T10:55:00 IST" skipped="0">
  <testcase classname="Shariq_Que3.CrossBrowserTest" name="launchApp" time="7.079"/>
  <system-out/>
  <testcase classname="Shariq_Que3.CrossBrowserTest" name="launchApp" time="10.682"/>
  <system-out/>
</testsuite> <!-- Shariq_Que3.CrossBrowserTest -->
