<?xml version="1.0" encoding="UTF-8"?>
<!-- Generated by org.testng.reporters.JUnitXMLReporter -->
<testsuite ignored="0" hostname="DESKTOP-PATVT6B" failures="3" tests="4" name="Login DataProvider Test" time="0.101" errors="0" timestamp="2025-10-07T15:20:04 IST">
  <testcase classname="Shariq_Que2.LoginTest" name="testLogin" time="0.021"/>
  <testcase classname="Shariq_Que2.LoginTest" name="testLogin" time="0.003">
    <failure type="java.lang.AssertionError" message="Invalid username or password! expected [false] but found [true]">
      <![CDATA[java.lang.AssertionError: Invalid username or password! expected [false] but found [true]
at Shariq_Que2.LoginTest.testLogin(LoginTest.java:34)
at java.base/java.util.ArrayList.forEach(ArrayList.java:1596)
... Removed 28 stack frames]]>
    </failure>
  </testcase> <!-- testLogin -->
  <testcase classname="Shariq_Que2.LoginTest" name="testLogin" time="0.003">
    <failure type="java.lang.AssertionError" message="Invalid username or password! expected [false] but found [true]">
      <![CDATA[java.lang.AssertionError: Invalid username or password! expected [false] but found [true]
at Shariq_Que2.LoginTest.testLogin(LoginTest.java:34)
at java.base/java.util.ArrayList.forEach(ArrayList.java:1596)
... Removed 28 stack frames]]>
    </failure>
  </testcase> <!-- testLogin -->
  <testcase classname="Shariq_Que2.LoginTest" name="testLogin" time="0.002">
    <failure type="java.lang.AssertionError" message="Invalid username or password! expected [false] but found [true]">
      <![CDATA[java.lang.AssertionError: Invalid username or password! expected [false] but found [true]
at Shariq_Que2.LoginTest.testLogin(LoginTest.java:34)
at java.base/java.util.ArrayList.forEach(ArrayList.java:1596)
... Removed 28 stack frames]]>
    </failure>
  </testcase> <!-- testLogin -->
</testsuite> <!-- Login DataProvider Test -->
