<?xml version="1.0" encoding="UTF-8"?>
<testng-results ignored="0" total="2" passed="2" failed="0" skipped="0">
  <reporter-output>
  </reporter-output>
  <suite started-at="2025-10-08T10:54:50 IST" name="Cross Browser Suite" finished-at="2025-10-08T10:55:00 IST" duration-ms="10721">
    <groups>
    </groups>
    <test started-at="2025-10-08T10:54:50 IST" name="ChromeTest" finished-at="2025-10-08T10:54:57 IST" duration-ms="7129">
      <class name="Shariq_Que3.CrossBrowserTest">
        <test-method signature="launchApp(java.lang.String)[pri:0, instance:Shariq_Que3.CrossBrowserTest@54bff557]" started-at="2025-10-08T10:54:50 IST" name="launchApp" finished-at="2025-10-08T10:54:57 IST" duration-ms="7079" status="PASS">
          <params>
            <param index="0">
              <value>
                <![CDATA[chrome]]>
              </value>
            </param>
          </params>
          <reporter-output>
          </reporter-output>
        </test-method> <!-- launchApp -->
      </class> <!-- Shariq_Que3.CrossBrowserTest -->
    </test> <!-- ChromeTest -->
    <test started-at="2025-10-08T10:54:50 IST" name="FirefoxTest" finished-at="2025-10-08T10:55:00 IST" duration-ms="10721">
      <class name="Shariq_Que3.CrossBrowserTest">
        <test-method signature="launchApp(java.lang.String)[pri:0, instance:Shariq_Que3.CrossBrowserTest@65c7a252]" started-at="2025-10-08T10:54:50 IST" name="launchApp" finished-at="2025-10-08T10:55:00 IST" duration-ms="10682" status="PASS">
          <params>
            <param index="0">
              <value>
                <![CDATA[firefox]]>
              </value>
            </param>
          </params>
          <reporter-output>
          </reporter-output>
        </test-method> <!-- launchApp -->
      </class> <!-- Shariq_Que3.CrossBrowserTest -->
    </test> <!-- FirefoxTest -->
  </suite> <!-- Cross Browser Suite -->
</testng-results>
